<?xml version="1.0" encoding="UTF-8"?>
<!-- Generated by org.testng.reporters.JUnitReportReporter -->
<testsuite hostname="rising" name="src.Browser_launch_signup" tests="10" failures="0" timestamp="1 Apr 2019 07:51:57 GMT" time="142.553" errors="0">
  <testcase name="password_real" time="2.560" classname="src.Browser_launch_signup"/>
  <testcase name="checkbox" time="8.948" classname="src.Browser_launch_signup"/>
  <testcase name="browser_launch" time="48.486" classname="src.Browser_launch_signup"/>
  <testcase name="firstnamereal" time="0.416" classname="src.Browser_launch_signup"/>
  <testcase name="email_real" time="2.712" classname="src.Browser_launch_signup"/>
  <testcase name="ph_number_real" time="2.456" classname="src.Browser_launch_signup"/>
  <testcase name="yopmail" time="70.201" classname="src.Browser_launch_signup"/>
  <testcase name="confirm_password_real" time="2.481" classname="src.Browser_launch_signup"/>
  <testcase name="companyname" time="2.921" classname="src.Browser_launch_signup"/>
  <testcase name="lastnamereal" time="1.372" classname="src.Browser_launch_signup"/>
</testsuite> <!-- src.Browser_launch_signup -->
