<?xml version="1.0" encoding="UTF-8"?>
<!-- Generated by org.testng.reporters.JUnitReportReporter -->
<testsuite hostname="rising" failures="0" tests="2" name="src.Test2" time="55.978" errors="0" timestamp="05 Nov 2018 12:38:59 GMT" skipped="0">
  <testcase classname="src.Test2" name="browserlaunch" time="26.721"/>
  <testcase classname="src.Test2" name="sendvalue" time="29.257"/>
</testsuite> <!-- src.Test2 -->
