<?xml version="1.0" encoding="UTF-8"?>
<!-- Generated by org.testng.reporters.JUnitReportReporter -->
<testsuite hostname="rising" failures="2" tests="29" name="src.Wfs_automation" time="313.134" errors="0" timestamp="19 Feb 2019 12:34:36 GMT" skipped="0">
  <testcase classname="src.Wfs_automation" name="browserlaunch" time="55.716"/>
  <testcase classname="src.Wfs_automation" name="checkvalidation" time="1.139"/>
  <testcase classname="src.Wfs_automation" name="companyname" time="2.525"/>
  <testcase classname="src.Wfs_automation" name="lastnamereal" time="0.398"/>
  <testcase classname="src.Wfs_automation" name="firstnamereal" time="0.412"/>
  <testcase classname="src.Wfs_automation" name="ph_number_real" time="0.442"/>
  <testcase classname="src.Wfs_automation" name="email_real" time="2.737"/>
  <testcase classname="src.Wfs_automation" name="password_real" time="2.507"/>
  <testcase classname="src.Wfs_automation" name="confirm_password_real" time="2.532"/>
  <testcase classname="src.Wfs_automation" name="checkbox" time="9.143"/>
  <testcase classname="src.Wfs_automation" name="yopmail" time="72.600"/>
  <testcase classname="src.Wfs_automation" name="admin" time="0.948"/>
  <testcase classname="src.Wfs_automation" name="department" time="5.273"/>
  <testcase classname="src.Wfs_automation" name="department_submit" time="0.493"/>
  <testcase classname="src.Wfs_automation" name="department_name" time="2.795"/>
  <testcase classname="src.Wfs_automation" name="departmenttcode" time="2.666"/>
  <testcase classname="src.Wfs_automation" name="dept_real" time="7.380"/>
  <testcase classname="src.Wfs_automation" name="dept_edit" time="16.555"/>
  <testcase classname="src.Wfs_automation" name="parent_dept" time="9.964"/>
  <testcase classname="src.Wfs_automation" name="dept_B_delete" time="23.924"/>
  <testcase classname="src.Wfs_automation" name="dept_c_dept" time="38.318"/>
  <testcase classname="src.Wfs_automation" name="dept_download" time="6.731"/>
  <testcase classname="src.Wfs_automation" name="position" time="3.723"/>
  <testcase classname="src.Wfs_automation" name="submit" time="2.755"/>
  <testcase classname="src.Wfs_automation" name="enter_only_position" time="1.523"/>
  <testcase classname="src.Wfs_automation" name="enter_only_positioncode" time="1.547"/>
  <testcase classname="src.Wfs_automation" name="add_samevalue_position" time="5.478">
    <failure message="expected [×
Position created successfully] but found [×
Position created successfully]" type="java.lang.AssertionError">
      <![CDATA[java.lang.AssertionError: expected [×
Position created successfully] but found [×
Position created successfully]
at org.testng.Assert.fail(Assert.java:96)
at org.testng.Assert.failNotEquals(Assert.java:776)
at org.testng.Assert.assertEqualsImpl(Assert.java:137)
at org.testng.Assert.assertEquals(Assert.java:118)
at org.testng.Assert.assertEquals(Assert.java:453)
at org.testng.Assert.assertEquals(Assert.java:463)
at src.Wfs_automation.add_samevalue_position(Wfs_automation.java:1213)
at java.base/jdk.internal.reflect.NativeMethodAccessorImpl.invoke0(Native Method)
at java.base/jdk.internal.reflect.NativeMethodAccessorImpl.invoke(NativeMethodAccessorImpl.java:62)
at java.base/jdk.internal.reflect.DelegatingMethodAccessorImpl.invoke(DelegatingMethodAccessorImpl.java:43)
at java.base/java.lang.reflect.Method.invoke(Method.java:564)
at org.testng.internal.MethodInvocationHelper.invokeMethod(MethodInvocationHelper.java:124)
at org.testng.internal.Invoker.invokeMethod(Invoker.java:580)
at org.testng.internal.Invoker.invokeTestMethod(Invoker.java:716)
at org.testng.internal.Invoker.invokeTestMethods(Invoker.java:988)
at org.testng.internal.TestMethodWorker.invokeTestMethods(TestMethodWorker.java:125)
at org.testng.internal.TestMethodWorker.run(TestMethodWorker.java:109)
at org.testng.TestRunner.privateRun(TestRunner.java:648)
at org.testng.TestRunner.run(TestRunner.java:505)
at org.testng.SuiteRunner.runTest(SuiteRunner.java:455)
at org.testng.SuiteRunner.runSequentially(SuiteRunner.java:450)
at org.testng.SuiteRunner.privateRun(SuiteRunner.java:415)
at org.testng.SuiteRunner.run(SuiteRunner.java:364)
at org.testng.SuiteRunnerWorker.runSuite(SuiteRunnerWorker.java:52)
at org.testng.SuiteRunnerWorker.run(SuiteRunnerWorker.java:84)
at org.testng.TestNG.runSuitesSequentially(TestNG.java:1208)
at org.testng.TestNG.runSuitesLocally(TestNG.java:1137)
at org.testng.TestNG.runSuites(TestNG.java:1049)
at org.testng.TestNG.run(TestNG.java:1017)
at org.testng.remote.AbstractRemoteTestNG.run(AbstractRemoteTestNG.java:114)
at org.testng.remote.RemoteTestNG.initAndRun(RemoteTestNG.java:251)
at org.testng.remote.RemoteTestNG.main(RemoteTestNG.java:77)
]]>
    </failure>
  </testcase> <!-- add_samevalue_position -->
  <testcase classname="src.Wfs_automation" name="delete_position" time="1.596">
    <failure message="expected [×
Position created successfully] but found [×
Position deleted successfully]" type="java.lang.AssertionError">
      <![CDATA[java.lang.AssertionError: expected [×
Position created successfully] but found [×
Position deleted successfully]
at org.testng.Assert.fail(Assert.java:96)
at org.testng.Assert.failNotEquals(Assert.java:776)
at org.testng.Assert.assertEqualsImpl(Assert.java:137)
at org.testng.Assert.assertEquals(Assert.java:118)
at org.testng.Assert.assertEquals(Assert.java:453)
at org.testng.Assert.assertEquals(Assert.java:463)
at src.Wfs_automation.delete_position(Wfs_automation.java:1236)
at java.base/jdk.internal.reflect.NativeMethodAccessorImpl.invoke0(Native Method)
at java.base/jdk.internal.reflect.NativeMethodAccessorImpl.invoke(NativeMethodAccessorImpl.java:62)
at java.base/jdk.internal.reflect.DelegatingMethodAccessorImpl.invoke(DelegatingMethodAccessorImpl.java:43)
at java.base/java.lang.reflect.Method.invoke(Method.java:564)
at org.testng.internal.MethodInvocationHelper.invokeMethod(MethodInvocationHelper.java:124)
at org.testng.internal.Invoker.invokeMethod(Invoker.java:580)
at org.testng.internal.Invoker.invokeTestMethod(Invoker.java:716)
at org.testng.internal.Invoker.invokeTestMethods(Invoker.java:988)
at org.testng.internal.TestMethodWorker.invokeTestMethods(TestMethodWorker.java:125)
at org.testng.internal.TestMethodWorker.run(TestMethodWorker.java:109)
at org.testng.TestRunner.privateRun(TestRunner.java:648)
at org.testng.TestRunner.run(TestRunner.java:505)
at org.testng.SuiteRunner.runTest(SuiteRunner.java:455)
at org.testng.SuiteRunner.runSequentially(SuiteRunner.java:450)
at org.testng.SuiteRunner.privateRun(SuiteRunner.java:415)
at org.testng.SuiteRunner.run(SuiteRunner.java:364)
at org.testng.SuiteRunnerWorker.runSuite(SuiteRunnerWorker.java:52)
at org.testng.SuiteRunnerWorker.run(SuiteRunnerWorker.java:84)
at org.testng.TestNG.runSuitesSequentially(TestNG.java:1208)
at org.testng.TestNG.runSuitesLocally(TestNG.java:1137)
at org.testng.TestNG.runSuites(TestNG.java:1049)
at org.testng.TestNG.run(TestNG.java:1017)
at org.testng.remote.AbstractRemoteTestNG.run(AbstractRemoteTestNG.java:114)
at org.testng.remote.RemoteTestNG.initAndRun(RemoteTestNG.java:251)
at org.testng.remote.RemoteTestNG.main(RemoteTestNG.java:77)
]]>
    </failure>
  </testcase> <!-- delete_position -->
  <testcase classname="src.Wfs_automation" name="real_position" time="31.314"/>
</testsuite> <!-- src.Wfs_automation -->
