<?xml version="1.0" encoding="UTF-8"?>
<!-- Generated by org.testng.reporters.JUnitReportReporter -->
<testsuite hostname="rising" failures="0" tests="2" name="src.NewTest" time="24.787" errors="0" timestamp="25 Feb 2019 06:30:29 GMT" skipped="0">
  <testcase classname="src.NewTest" name="Browserlaunch" time="13.020"/>
  <testcase classname="src.NewTest" name="file" time="11.767"/>
</testsuite> <!-- src.NewTest -->
