<?xml version="1.0" encoding="UTF-8"?>
<!-- Generated by org.testng.reporters.JUnitReportReporter -->
<testsuite hostname="rising" failures="0" tests="2" name="src.browser" time="40.198" errors="0" timestamp="25 Dec 2018 12:40:51 GMT" skipped="0">
  <testcase classname="src.browser" name="g" time="27.877"/>
  <testcase classname="src.browser" name="f" time="12.321"/>
</testsuite> <!-- src.browser -->
