<?xml version="1.0" encoding="UTF-8"?>
<!-- Generated by org.testng.reporters.JUnitReportReporter -->
<testsuite hostname="rising" failures="0" tests="2" name="src.Mouse_action" time="10.390" errors="0" timestamp="01 Nov 2018 06:37:41 GMT" skipped="0">
  <testcase classname="src.Mouse_action" name="event" time="0.771"/>
  <testcase classname="src.Mouse_action" name="browserlaunch" time="9.619"/>
</testsuite> <!-- src.Mouse_action -->
