<?xml version="1.0" encoding="UTF-8"?>
<!-- Generated by org.testng.reporters.JUnitReportReporter -->
<testsuite hostname="rising" failures="0" tests="16" name="src.automation_user" time="168.919" errors="0" timestamp="26 Feb 2019 07:41:23 GMT" skipped="0">
  <testcase classname="src.automation_user" name="browserlaunch" time="48.064"/>
  <testcase classname="src.automation_user" name="checkvalidation" time="1.807"/>
  <testcase classname="src.automation_user" name="companyname" time="2.476"/>
  <testcase classname="src.automation_user" name="lastnamereal" time="0.344"/>
  <testcase classname="src.automation_user" name="firstnamereal" time="0.417"/>
  <testcase classname="src.automation_user" name="ph_number_real" time="0.400"/>
  <testcase classname="src.automation_user" name="email_real" time="2.826"/>
  <testcase classname="src.automation_user" name="password_real" time="2.594"/>
  <testcase classname="src.automation_user" name="confirm_password_real" time="2.497"/>
  <testcase classname="src.automation_user" name="checkbox" time="8.176"/>
  <testcase classname="src.automation_user" name="yopmail" time="72.007"/>
  <testcase classname="src.automation_user" name="admin" time="0.858"/>
  <testcase classname="src.automation_user" name="position" time="6.273"/>
  <testcase classname="src.automation_user" name="checkbox_validation" time="3.408"/>
  <testcase classname="src.automation_user" name="User_submit" time="4.542"/>
  <testcase classname="src.automation_user" name="Enter_user_2" time="12.230"/>
</testsuite> <!-- src.automation_user -->
