<?xml version="1.0" encoding="UTF-8"?>
<!-- Generated by org.testng.reporters.JUnitReportReporter -->
<testsuite hostname="rising" failures="0" tests="2" name="src.NewTest" time="20.932" errors="0" timestamp="19 Feb 2019 07:48:29 GMT" skipped="0">
  <testcase classname="src.NewTest" name="Browserlaunch" time="9.820"/>
  <testcase classname="src.NewTest" name="file" time="11.112"/>
</testsuite> <!-- src.NewTest -->
