<?xml version="1.0" encoding="UTF-8"?>
<!-- Generated by org.testng.reporters.JUnitReportReporter -->
<testsuite hostname="rising" name="src.User_registration" tests="12" failures="0" timestamp="29 Mar 2019 11:50:15 GMT" time="198.196" errors="0">
  <testcase name="password_real" time="2.444" classname="src.User_registration"/>
  <testcase name="lastnamereal" time="1.334" classname="src.User_registration"/>
  <testcase name="admin" time="3.092" classname="src.User_registration"/>
  <testcase name="browser_launch" time="42.951" classname="src.User_registration"/>
  <testcase name="checkbox" time="9.215" classname="src.User_registration"/>
  <testcase name="email_real" time="2.638" classname="src.User_registration"/>
  <testcase name="companyname" time="2.635" classname="src.User_registration"/>
  <testcase name="confirm_password_real" time="2.466" classname="src.User_registration"/>
  <testcase name="firstnamereal" time="0.419" classname="src.User_registration"/>
  <testcase name="yopmail" time="66.148" classname="src.User_registration"/>
  <testcase name="user" time="62.458" classname="src.User_registration"/>
  <testcase name="ph_number_real" time="2.396" classname="src.User_registration"/>
</testsuite> <!-- src.User_registration -->
