<?xml version="1.0" encoding="UTF-8"?>
<!-- Generated by org.testng.reporters.JUnitReportReporter -->
<testsuite hostname="rising" name="src.Csv_upload_test" tests="2" failures="0" timestamp="11 Mar 2019 10:05:28 GMT" time="42.993" errors="0">
  <testcase name="file" time="31.647" classname="src.Csv_upload_test"/>
  <testcase name="Browserlaunch" time="11.346" classname="src.Csv_upload_test"/>
</testsuite> <!-- src.Csv_upload_test -->
