<?xml version="1.0" encoding="UTF-8"?>
<!-- Generated by org.testng.reporters.JUnitReportReporter -->
<testsuite hostname="rising" failures="0" tests="1" name="src.NewTest" time="43.421" errors="0" timestamp="15 Nov 2018 12:47:02 GMT" skipped="0">
  <testcase classname="src.NewTest" name="f" time="43.421"/>
</testsuite> <!-- src.NewTest -->
