<?xml version="1.0" encoding="UTF-8"?>
<!-- Generated by org.testng.reporters.JUnitReportReporter -->
<testsuite hostname="rising" failures="0" tests="24" name="src.Main_automationpage" time="500.780" errors="0" timestamp="26 Feb 2019 10:12:50 GMT" skipped="0">
  <testcase classname="src.Main_automationpage" name="browserlaunch" time="59.109"/>
  <testcase classname="src.Main_automationpage" name="checkvalidation" time="1.208"/>
  <testcase classname="src.Main_automationpage" name="companyname" time="2.539"/>
  <testcase classname="src.Main_automationpage" name="lastnamereal" time="1.365"/>
  <testcase classname="src.Main_automationpage" name="firstnamereal" time="0.431"/>
  <testcase classname="src.Main_automationpage" name="ph_number_real" time="2.436"/>
  <testcase classname="src.Main_automationpage" name="email_real" time="2.806"/>
  <testcase classname="src.Main_automationpage" name="password_real" time="2.539"/>
  <testcase classname="src.Main_automationpage" name="confirm_password_real" time="2.672"/>
  <testcase classname="src.Main_automationpage" name="checkbox" time="8.666"/>
  <testcase classname="src.Main_automationpage" name="yopmail" time="86.330"/>
  <testcase classname="src.Main_automationpage" name="admin" time="0.956"/>
  <testcase classname="src.Main_automationpage" name="department" time="9.314"/>
  <testcase classname="src.Main_automationpage" name="dept_real" time="13.782"/>
  <testcase classname="src.Main_automationpage" name="parent_dept" time="21.332"/>
  <testcase classname="src.Main_automationpage" name="dept_c_dept" time="131.489"/>
  <testcase classname="src.Main_automationpage" name="dept_download" time="11.800"/>
  <testcase classname="src.Main_automationpage" name="position" time="24.850"/>
  <testcase classname="src.Main_automationpage" name="real_position" time="87.263"/>
  <testcase classname="src.Main_automationpage" name="user_enter" time="2.581"/>
  <testcase classname="src.Main_automationpage" name="User_registarion" time="5.749"/>
  <testcase classname="src.Main_automationpage" name="User_submit" time="4.578"/>
  <testcase classname="src.Main_automationpage" name="checkbox_validation" time="3.423"/>
  <testcase classname="src.Main_automationpage" name="Enter_user_2" time="13.562"/>
</testsuite> <!-- src.Main_automationpage -->
