<?xml version="1.0" encoding="UTF-8"?>
<!-- Generated by org.testng.reporters.JUnitReportReporter -->
<testsuite hostname="rising" failures="0" tests="16" name="src.User_registration" time="220.507" errors="0" timestamp="26 Feb 2019 10:25:15 GMT" skipped="0">
  <testcase classname="src.User_registration" name="browserlaunch" time="72.287"/>
  <testcase classname="src.User_registration" name="checkvalidation" time="1.213"/>
  <testcase classname="src.User_registration" name="companyname" time="2.537"/>
  <testcase classname="src.User_registration" name="lastnamereal" time="0.388"/>
  <testcase classname="src.User_registration" name="firstnamereal" time="0.446"/>
  <testcase classname="src.User_registration" name="ph_number_real" time="0.481"/>
  <testcase classname="src.User_registration" name="email_real" time="2.883"/>
  <testcase classname="src.User_registration" name="password_real" time="2.546"/>
  <testcase classname="src.User_registration" name="confirm_password_real" time="2.551"/>
  <testcase classname="src.User_registration" name="checkbox" time="9.148"/>
  <testcase classname="src.User_registration" name="yopmail" time="95.954"/>
  <testcase classname="src.User_registration" name="admin" time="1.003"/>
  <testcase classname="src.User_registration" name="position" time="6.960"/>
  <testcase classname="src.User_registration" name="checkbox_validation" time="3.725"/>
  <testcase classname="src.User_registration" name="User_submit" time="5.185"/>
  <testcase classname="src.User_registration" name="Enter_user_2" time="13.200"/>
</testsuite> <!-- src.User_registration -->
