<?xml version="1.0" encoding="UTF-8"?>
<!-- Generated by org.testng.reporters.JUnitReportReporter -->
<testsuite hostname="rising" name="src.Csv_upload_test" tests="2" failures="0" timestamp="5 Mar 2019 12:33:51 GMT" time="41.842" errors="0">
  <testcase name="file" time="31.473" classname="src.Csv_upload_test"/>
  <testcase name="Browserlaunch" time="10.369" classname="src.Csv_upload_test"/>
</testsuite> <!-- src.Csv_upload_test -->
