<?xml version="1.0" encoding="UTF-8"?>
<!-- Generated by org.testng.reporters.JUnitReportReporter -->
<testsuite hostname="rising" name="src.Appliction" tests="8" failures="0" timestamp="7 Mar 2019 11:31:17 GMT" time="210.895" errors="0">
  <testcase name="create_form" time="57.714" classname="src.Appliction"/>
  <testcase name="publish" time="4.589" classname="src.Appliction"/>
  <testcase name="create_flow" time="89.914" classname="src.Appliction"/>
  <testcase name="admin" time="4.024" classname="src.Appliction"/>
  <testcase name="actionsClass" time="7.484" classname="src.Appliction"/>
  <testcase name="permission" time="2.300" classname="src.Appliction"/>
  <testcase name="real_value" time="14.630" classname="src.Appliction"/>
  <testcase name="Browserlaunch" time="30.240" classname="src.Appliction"/>
</testsuite> <!-- src.Appliction -->
