<?xml version="1.0" encoding="UTF-8"?>
<!-- Generated by org.testng.reporters.JUnitReportReporter -->
<testsuite hostname="rising" failures="0" tests="2" name="src.NewTest" time="32.160" errors="0" timestamp="18 Feb 2019 09:16:07 GMT" skipped="0">
  <testcase classname="src.NewTest" name="file" time="16.597"/>
  <testcase classname="src.NewTest" name="Browserlaunch" time="15.563"/>
</testsuite> <!-- src.NewTest -->
