<?xml version="1.0" encoding="UTF-8"?>
<!-- Generated by org.testng.reporters.JUnitReportReporter -->
<testsuite hostname="rising" name="src.Appliction" tests="8" failures="0" timestamp="11 Mar 2019 09:57:13 GMT" time="206.227" errors="0">
  <testcase name="create_form" time="57.599" classname="src.Appliction"/>
  <testcase name="publish" time="4.636" classname="src.Appliction"/>
  <testcase name="create_flow" time="85.245" classname="src.Appliction"/>
  <testcase name="admin" time="3.877" classname="src.Appliction"/>
  <testcase name="form_start" time="7.443" classname="src.Appliction"/>
  <testcase name="permission" time="2.292" classname="src.Appliction"/>
  <testcase name="real_value" time="14.662" classname="src.Appliction"/>
  <testcase name="Browserlaunch" time="30.473" classname="src.Appliction"/>
</testsuite> <!-- src.Appliction -->
