<?xml version="1.0" encoding="UTF-8"?>
<!-- Generated by org.testng.reporters.JUnitReportReporter -->
<testsuite hostname="rising" name="src.Main_automationpage" tests="21" failures="0" timestamp="3 Apr 2019 07:07:05 GMT" time="315.999" errors="0">
  <testcase name="lastnamereal" time="1.342" classname="src.Main_automationpage"/>
  <testcase name="browser_launch" time="69.035" classname="src.Main_automationpage"/>
  <testcase name="checkbox" time="8.965" classname="src.Main_automationpage"/>
  <testcase name="dept_real" time="3.385" classname="src.Main_automationpage"/>
  <testcase name="dept_c_dept" time="21.391" classname="src.Main_automationpage"/>
  <testcase name="parent_dept" time="5.029" classname="src.Main_automationpage"/>
  <testcase name="department" time="6.169" classname="src.Main_automationpage"/>
  <testcase name="companyname" time="2.604" classname="src.Main_automationpage"/>
  <testcase name="confirm_password_real" time="2.417" classname="src.Main_automationpage"/>
  <testcase name="firstnamereal" time="0.388" classname="src.Main_automationpage"/>
  <testcase name="yopmail" time="77.910" classname="src.Main_automationpage"/>
  <testcase name="password_real" time="2.443" classname="src.Main_automationpage"/>
  <testcase name="admin" time="0.883" classname="src.Main_automationpage"/>
  <testcase name="dept_download" time="6.612" classname="src.Main_automationpage"/>
  <testcase name="real_position" time="18.187" classname="src.Main_automationpage"/>
  <testcase name="position" time="3.761" classname="src.Main_automationpage"/>
  <testcase name="user_enter" time="2.420" classname="src.Main_automationpage"/>
  <testcase name="email_real" time="2.649" classname="src.Main_automationpage"/>
  <testcase name="User_registarion" time="2.253" classname="src.Main_automationpage"/>
  <testcase name="ph_number_real" time="2.420" classname="src.Main_automationpage"/>
  <testcase name="user" time="75.736" classname="src.Main_automationpage"/>
</testsuite> <!-- src.Main_automationpage -->
