<?xml version="1.0" encoding="UTF-8"?>
<!-- Generated by org.testng.reporters.JUnitReportReporter -->
<testsuite hostname="rising" name="src.Broswser_launch" tests="1" failures="0" timestamp="12 Mar 2019 11:26:07 GMT" time="31.757" errors="0">
  <testcase name="browser_launch" time="31.757" classname="src.Broswser_launch"/>
</testsuite> <!-- src.Broswser_launch -->
