<?xml version="1.0" encoding="UTF-8"?>
<!-- Generated by org.testng.reporters.JUnitReportReporter -->
<testsuite hostname="rising" failures="0" tests="7" name="src.Wfs_login" time="91.382" errors="0" timestamp="05 Feb 2019 08:05:06 GMT" skipped="0">
  <testcase classname="src.Wfs_login" name="Browserlaunch" time="31.273"/>
  <testcase classname="src.Wfs_login" name="signin_click" time="8.305"/>
  <testcase classname="src.Wfs_login" name="enter_email" time="7.743"/>
  <testcase classname="src.Wfs_login" name="enter_password" time="7.333"/>
  <testcase classname="src.Wfs_login" name="wrong_email" time="8.270"/>
  <testcase classname="src.Wfs_login" name="wronge_password" time="8.734"/>
  <testcase classname="src.Wfs_login" name="real_value" time="19.724"/>
</testsuite> <!-- src.Wfs_login -->
