<?xml version="1.0" encoding="UTF-8"?>
<!-- Generated by org.testng.reporters.JUnitReportReporter -->
<testsuite hostname="rising" name="src.Csv_upload_test" tests="2" failures="0" timestamp="5 Mar 2019 11:31:09 GMT" time="39.390" errors="0">
  <testcase name="Browserlaunch" time="10.942" classname="src.Csv_upload_test"/>
  <testcase name="file" time="28.448" classname="src.Csv_upload_test"/>
</testsuite> <!-- src.Csv_upload_test -->
