<?xml version="1.0" encoding="UTF-8"?>
<!-- Generated by org.testng.reporters.JUnitReportReporter -->
<testsuite hostname="rising" name="src.Main_automationpage" tests="21" failures="0" timestamp="29 Mar 2019 12:01:03 GMT" time="261.132" errors="0">
  <testcase name="lastnamereal" time="1.330" classname="src.Main_automationpage"/>
  <testcase name="browser_launch" time="43.327" classname="src.Main_automationpage"/>
  <testcase name="checkbox" time="8.446" classname="src.Main_automationpage"/>
  <testcase name="dept_real" time="2.953" classname="src.Main_automationpage"/>
  <testcase name="dept_c_dept" time="17.479" classname="src.Main_automationpage"/>
  <testcase name="parent_dept" time="4.880" classname="src.Main_automationpage"/>
  <testcase name="department" time="5.292" classname="src.Main_automationpage"/>
  <testcase name="companyname" time="2.641" classname="src.Main_automationpage"/>
  <testcase name="confirm_password_real" time="2.658" classname="src.Main_automationpage"/>
  <testcase name="firstnamereal" time="0.369" classname="src.Main_automationpage"/>
  <testcase name="yopmail" time="70.928" classname="src.Main_automationpage"/>
  <testcase name="password_real" time="2.436" classname="src.Main_automationpage"/>
  <testcase name="admin" time="0.805" classname="src.Main_automationpage"/>
  <testcase name="dept_download" time="6.410" classname="src.Main_automationpage"/>
  <testcase name="real_position" time="17.018" classname="src.Main_automationpage"/>
  <testcase name="position" time="3.707" classname="src.Main_automationpage"/>
  <testcase name="user_enter" time="2.349" classname="src.Main_automationpage"/>
  <testcase name="email_real" time="2.629" classname="src.Main_automationpage"/>
  <testcase name="User_registarion" time="2.297" classname="src.Main_automationpage"/>
  <testcase name="ph_number_real" time="2.412" classname="src.Main_automationpage"/>
  <testcase name="user" time="60.766" classname="src.Main_automationpage"/>
</testsuite> <!-- src.Main_automationpage -->
