<?xml version="1.0" encoding="UTF-8"?>
<!-- Generated by org.testng.reporters.JUnitReportReporter -->
<testsuite hostname="rising" failures="0" tests="7" name="src.login" time="78.221" errors="0" timestamp="04 Feb 2019 11:10:55 GMT" skipped="0">
  <testcase classname="src.login" name="Browserlaunch" time="30.811"/>
  <testcase classname="src.login" name="signin_click" time="6.608"/>
  <testcase classname="src.login" name="enter_email" time="7.497"/>
  <testcase classname="src.login" name="enter_password" time="6.704"/>
  <testcase classname="src.login" name="wrong_email" time="7.140"/>
  <testcase classname="src.login" name="wronge_password" time="7.867"/>
  <testcase classname="src.login" name="real_value" time="11.594"/>
</testsuite> <!-- src.login -->
