<?xml version="1.0" encoding="UTF-8"?>
<!-- Generated by org.testng.reporters.JUnitReportReporter -->
<testsuite hostname="rising" failures="0" tests="2" name="src.NewTest" time="26.735" errors="0" timestamp="19 Feb 2019 10:15:21 GMT" skipped="0">
  <testcase classname="src.NewTest" name="Browserlaunch" time="14.440"/>
  <testcase classname="src.NewTest" name="file" time="12.295"/>
</testsuite> <!-- src.NewTest -->
