<?xml version="1.0" encoding="UTF-8"?>
<!-- Generated by org.testng.reporters.JUnitReportReporter -->
<testsuite hostname="rising" name="src.NewTest2" tests="2" failures="0" timestamp="1 Apr 2019 10:17:32 GMT" time="0.047" errors="0">
  <testcase name="f" time="0.000" classname="src.NewTest2"/>
  <testcase name="d" time="0.047" classname="src.NewTest2"/>
</testsuite> <!-- src.NewTest2 -->
