<?xml version="1.0" encoding="UTF-8"?>
<!-- Generated by org.testng.reporters.JUnitReportReporter -->
<testsuite hostname="rising" name="src.NewTest" tests="2" failures="0" timestamp="1 Apr 2019 09:32:39 GMT" time="19.912" errors="0">
  <testcase name="blankFormTest" time="17.399" classname="src.NewTest"/>
  <testcase name="correctEmailonly" time="2.513" classname="src.NewTest"/>
</testsuite> <!-- src.NewTest -->
