<?xml version="1.0" encoding="UTF-8"?>
<!-- Generated by org.testng.reporters.JUnitReportReporter -->
<testsuite hostname="rising" failures="0" tests="21" name="src.Wfs_automation" time="224.707" errors="0" timestamp="18 Feb 2019 09:34:36 GMT" skipped="0">
  <testcase classname="src.Wfs_automation" name="browserlaunch" time="43.758"/>
  <testcase classname="src.Wfs_automation" name="checkvalidation" time="1.075"/>
  <testcase classname="src.Wfs_automation" name="companyname" time="2.511"/>
  <testcase classname="src.Wfs_automation" name="lastnamereal" time="0.333"/>
  <testcase classname="src.Wfs_automation" name="firstnamereal" time="0.402"/>
  <testcase classname="src.Wfs_automation" name="ph_number_real" time="0.500"/>
  <testcase classname="src.Wfs_automation" name="email_real" time="2.666"/>
  <testcase classname="src.Wfs_automation" name="password_real" time="2.506"/>
  <testcase classname="src.Wfs_automation" name="confirm_password_real" time="2.483"/>
  <testcase classname="src.Wfs_automation" name="checkbox" time="8.159"/>
  <testcase classname="src.Wfs_automation" name="yopmail" time="69.864"/>
  <testcase classname="src.Wfs_automation" name="admin" time="0.883"/>
  <testcase classname="src.Wfs_automation" name="department" time="5.349"/>
  <testcase classname="src.Wfs_automation" name="department_submit" time="0.482"/>
  <testcase classname="src.Wfs_automation" name="department_name" time="2.720"/>
  <testcase classname="src.Wfs_automation" name="departmenttcode" time="2.673"/>
  <testcase classname="src.Wfs_automation" name="dept_real" time="7.327"/>
  <testcase classname="src.Wfs_automation" name="dept_edit" time="13.876"/>
  <testcase classname="src.Wfs_automation" name="parent_dept" time="8.878"/>
  <testcase classname="src.Wfs_automation" name="dept_B_delete" time="21.971"/>
  <testcase classname="src.Wfs_automation" name="dept_c_dept" time="26.291"/>
</testsuite> <!-- src.Wfs_automation -->
