<?xml version="1.0" encoding="UTF-8"?>
<!-- Generated by org.testng.reporters.JUnitReportReporter -->
<testsuite hostname="rising" failures="1" tests="23" name="src.Wfs_automation" time="306.990" errors="0" timestamp="11 Feb 2019 10:49:22 GMT" skipped="20">
  <testcase classname="src.Wfs_automation" name="browserlaunch" time="303.938"/>
  <testcase classname="src.Wfs_automation" name="checkvalidation" time="0.436">
    <failure message="expected [Field can not be blank.] but found [このフィールドは必須です。]" type="java.lang.AssertionError">
      <![CDATA[java.lang.AssertionError: expected [Field can not be blank.] but found [このフィールドは必須です。]
at org.testng.Assert.fail(Assert.java:96)
at org.testng.Assert.failNotEquals(Assert.java:776)
at org.testng.Assert.assertEqualsImpl(Assert.java:137)
at org.testng.Assert.assertEquals(Assert.java:118)
at org.testng.Assert.assertEquals(Assert.java:453)
at org.testng.Assert.assertEquals(Assert.java:463)
at src.Wfs_automation.checkvalidation(Wfs_automation.java:50)
at java.base/jdk.internal.reflect.NativeMethodAccessorImpl.invoke0(Native Method)
at java.base/jdk.internal.reflect.NativeMethodAccessorImpl.invoke(NativeMethodAccessorImpl.java:62)
at java.base/jdk.internal.reflect.DelegatingMethodAccessorImpl.invoke(DelegatingMethodAccessorImpl.java:43)
at java.base/java.lang.reflect.Method.invoke(Method.java:564)
at org.testng.internal.MethodInvocationHelper.invokeMethod(MethodInvocationHelper.java:124)
at org.testng.internal.Invoker.invokeMethod(Invoker.java:580)
at org.testng.internal.Invoker.invokeTestMethod(Invoker.java:716)
at org.testng.internal.Invoker.invokeTestMethods(Invoker.java:988)
at org.testng.internal.TestMethodWorker.invokeTestMethods(TestMethodWorker.java:125)
at org.testng.internal.TestMethodWorker.run(TestMethodWorker.java:109)
at org.testng.TestRunner.privateRun(TestRunner.java:648)
at org.testng.TestRunner.run(TestRunner.java:505)
at org.testng.SuiteRunner.runTest(SuiteRunner.java:455)
at org.testng.SuiteRunner.runSequentially(SuiteRunner.java:450)
at org.testng.SuiteRunner.privateRun(SuiteRunner.java:415)
at org.testng.SuiteRunner.run(SuiteRunner.java:364)
at org.testng.SuiteRunnerWorker.runSuite(SuiteRunnerWorker.java:52)
at org.testng.SuiteRunnerWorker.run(SuiteRunnerWorker.java:84)
at org.testng.TestNG.runSuitesSequentially(TestNG.java:1208)
at org.testng.TestNG.runSuitesLocally(TestNG.java:1137)
at org.testng.TestNG.runSuites(TestNG.java:1049)
at org.testng.TestNG.run(TestNG.java:1017)
at org.testng.remote.AbstractRemoteTestNG.run(AbstractRemoteTestNG.java:114)
at org.testng.remote.RemoteTestNG.initAndRun(RemoteTestNG.java:251)
at org.testng.remote.RemoteTestNG.main(RemoteTestNG.java:77)
]]>
    </failure>
  </testcase> <!-- checkvalidation -->
  <testcase classname="src.Wfs_automation" name="companyname" time="2.616"/>
  <testcase classname="src.Wfs_automation" name="lastnamereal" time="0.000">
    <skipped/>
  </testcase> <!-- lastnamereal -->
  <testcase classname="src.Wfs_automation" name="firstnamereal" time="0.000">
    <skipped/>
  </testcase> <!-- firstnamereal -->
  <testcase classname="src.Wfs_automation" name="ph_number_real" time="0.000">
    <skipped/>
  </testcase> <!-- ph_number_real -->
  <testcase classname="src.Wfs_automation" name="email_real" time="0.000">
    <skipped/>
  </testcase> <!-- email_real -->
  <testcase classname="src.Wfs_automation" name="password_real" time="0.000">
    <skipped/>
  </testcase> <!-- password_real -->
  <testcase classname="src.Wfs_automation" name="confirm_password_real" time="0.000">
    <skipped/>
  </testcase> <!-- confirm_password_real -->
  <testcase classname="src.Wfs_automation" name="checkbox" time="0.000">
    <skipped/>
  </testcase> <!-- checkbox -->
  <testcase classname="src.Wfs_automation" name="yopmail" time="0.000">
    <skipped/>
  </testcase> <!-- yopmail -->
  <testcase classname="src.Wfs_automation" name="admin" time="0.000">
    <skipped/>
  </testcase> <!-- admin -->
  <testcase classname="src.Wfs_automation" name="department" time="0.000">
    <skipped/>
  </testcase> <!-- department -->
  <testcase classname="src.Wfs_automation" name="department_submit" time="0.000">
    <skipped/>
  </testcase> <!-- department_submit -->
  <testcase classname="src.Wfs_automation" name="department_name" time="0.000">
    <skipped/>
  </testcase> <!-- department_name -->
  <testcase classname="src.Wfs_automation" name="departmenttcode" time="0.000">
    <skipped/>
  </testcase> <!-- departmenttcode -->
  <testcase classname="src.Wfs_automation" name="dept_real" time="0.000">
    <skipped/>
  </testcase> <!-- dept_real -->
  <testcase classname="src.Wfs_automation" name="dept_edit" time="0.000">
    <skipped/>
  </testcase> <!-- dept_edit -->
  <testcase classname="src.Wfs_automation" name="parent_dept" time="0.000">
    <skipped/>
  </testcase> <!-- parent_dept -->
  <testcase classname="src.Wfs_automation" name="dept_B_delete" time="0.000">
    <skipped/>
  </testcase> <!-- dept_B_delete -->
  <testcase classname="src.Wfs_automation" name="dept_csv" time="0.000">
    <skipped/>
  </testcase> <!-- dept_csv -->
  <testcase classname="src.Wfs_automation" name="dept_csv_samedata" time="0.000">
    <skipped/>
  </testcase> <!-- dept_csv_samedata -->
  <testcase classname="src.Wfs_automation" name="dept_csv_samenddiff" time="0.000">
    <skipped/>
  </testcase> <!-- dept_csv_samenddiff -->
</testsuite> <!-- src.Wfs_automation -->
