<?xml version="1.0" encoding="UTF-8"?>
<!-- Generated by org.testng.reporters.JUnitReportReporter -->
<testsuite hostname="rising" failures="0" tests="25" name="src.Main_automationpage" time="227.270" errors="0" timestamp="01 Mar 2019 09:25:13 GMT" skipped="0">
  <testcase classname="src.Main_automationpage" name="browserlaunch" time="40.912"/>
  <testcase classname="src.Main_automationpage" name="checkvalidation" time="1.490"/>
  <testcase classname="src.Main_automationpage" name="companyname" time="1.022"/>
  <testcase classname="src.Main_automationpage" name="lastnamereal" time="0.869"/>
  <testcase classname="src.Main_automationpage" name="firstnamereal" time="0.396"/>
  <testcase classname="src.Main_automationpage" name="ph_number_real" time="0.926"/>
  <testcase classname="src.Main_automationpage" name="email_real" time="1.413"/>
  <testcase classname="src.Main_automationpage" name="password_real" time="1.033"/>
  <testcase classname="src.Main_automationpage" name="confirm_password_real" time="1.141"/>
  <testcase classname="src.Main_automationpage" name="checkbox" time="7.620"/>
  <testcase classname="src.Main_automationpage" name="yopmail" time="56.119"/>
  <testcase classname="src.Main_automationpage" name="admin" time="0.928"/>
  <testcase classname="src.Main_automationpage" name="department" time="5.210"/>
  <testcase classname="src.Main_automationpage" name="dept_real" time="3.069"/>
  <testcase classname="src.Main_automationpage" name="parent_dept" time="4.838"/>
  <testcase classname="src.Main_automationpage" name="dept_c_dept" time="18.020"/>
  <testcase classname="src.Main_automationpage" name="dept_download" time="6.372"/>
  <testcase classname="src.Main_automationpage" name="position" time="3.774"/>
  <testcase classname="src.Main_automationpage" name="real_position" time="16.773"/>
  <testcase classname="src.Main_automationpage" name="user_enter" time="2.386"/>
  <testcase classname="src.Main_automationpage" name="User_registarion" time="4.529"/>
  <testcase classname="src.Main_automationpage" name="User_submit" time="2.091"/>
  <testcase classname="src.Main_automationpage" name="checkbox_validation" time="3.419"/>
  <testcase classname="src.Main_automationpage" name="Enter_user2_milind" time="22.827"/>
  <testcase classname="src.Main_automationpage" name="user_chandni_edit" time="20.093"/>
</testsuite> <!-- src.Main_automationpage -->
